Start testing: Sep 04 07:18 UTC
----------------------------------------------------------
1/13 Testing: MerkleKvClient construction
1/13 Test: MerkleKvClient construction
Command: "/workspaces/MerkleKV/clients/cpp/build/tests/merklekv-tests" "MerkleKvClient construction"
Directory: /workspaces/MerkleKV/clients/cpp/build/tests
"MerkleKvClient construction" start time: Sep 04 07:18 UTC
Output:
----------------------------------------------------------
Filters: "MerkleKvClient construction"
Randomness seeded to: 2745268026
===============================================================================
All tests passed (4 assertions in 1 test case)

<end of output>
Test time =   0.01 sec
----------------------------------------------------------
Test Passed.
"MerkleKvClient construction" end time: Sep 04 07:18 UTC
"MerkleKvClient construction" time elapsed: 00:00:00
----------------------------------------------------------

2/13 Testing: Key validation
2/13 Test: Key validation
Command: "/workspaces/MerkleKV/clients/cpp/build/tests/merklekv-tests" "Key validation"
Directory: /workspaces/MerkleKV/clients/cpp/build/tests
"Key validation" start time: Sep 04 07:18 UTC
Output:
----------------------------------------------------------
Filters: "Key validation"
Randomness seeded to: 8213353
===============================================================================
All tests passed (3 assertions in 1 test case)

<end of output>
Test time =   0.01 sec
----------------------------------------------------------
Test Passed.
"Key validation" end time: Sep 04 07:18 UTC
"Key validation" time elapsed: 00:00:00
----------------------------------------------------------

3/13 Testing: Move semantics
3/13 Test: Move semantics
Command: "/workspaces/MerkleKV/clients/cpp/build/tests/merklekv-tests" "Move semantics"
Directory: /workspaces/MerkleKV/clients/cpp/build/tests
"Move semantics" start time: Sep 04 07:18 UTC
Output:
----------------------------------------------------------
Filters: "Move semantics"
Randomness seeded to: 2626207475
===============================================================================
All tests passed (2 assertions in 1 test case)

<end of output>
Test time =   0.01 sec
----------------------------------------------------------
Test Passed.
"Move semantics" end time: Sep 04 07:18 UTC
"Move semantics" time elapsed: 00:00:00
----------------------------------------------------------

4/13 Testing: Exception hierarchy
4/13 Test: Exception hierarchy
Command: "/workspaces/MerkleKV/clients/cpp/build/tests/merklekv-tests" "Exception hierarchy"
Directory: /workspaces/MerkleKV/clients/cpp/build/tests
"Exception hierarchy" start time: Sep 04 07:18 UTC
Output:
----------------------------------------------------------
Filters: "Exception hierarchy"
Randomness seeded to: 2596443948
===============================================================================
All tests passed (4 assertions in 1 test case)

<end of output>
Test time =   0.01 sec
----------------------------------------------------------
Test Passed.
"Exception hierarchy" end time: Sep 04 07:18 UTC
"Exception hierarchy" time elapsed: 00:00:00
----------------------------------------------------------

5/13 Testing: Connection errors
5/13 Test: Connection errors
Command: "/workspaces/MerkleKV/clients/cpp/build/tests/merklekv-tests" "Connection errors"
Directory: /workspaces/MerkleKV/clients/cpp/build/tests
"Connection errors" start time: Sep 04 07:18 UTC
Output:
----------------------------------------------------------
Filters: "Connection errors"
Randomness seeded to: 1549925586
===============================================================================
All tests passed (2 assertions in 1 test case)

<end of output>
Test time =   0.19 sec
----------------------------------------------------------
Test Passed.
"Connection errors" end time: Sep 04 07:18 UTC
"Connection errors" time elapsed: 00:00:00
----------------------------------------------------------

6/13 Testing: Basic operations
6/13 Test: Basic operations
Command: "/workspaces/MerkleKV/clients/cpp/build/tests/merklekv-tests" "Basic operations"
Directory: /workspaces/MerkleKV/clients/cpp/build/tests
"Basic operations" start time: Sep 04 07:18 UTC
Output:
----------------------------------------------------------
Filters: "Basic operations"
Randomness seeded to: 3461468023
===============================================================================
All tests passed (6 assertions in 1 test case)

<end of output>
Test time =   0.00 sec
----------------------------------------------------------
Test Passed.
"Basic operations" end time: Sep 04 07:18 UTC
"Basic operations" time elapsed: 00:00:00
----------------------------------------------------------

7/13 Testing: Empty values
7/13 Test: Empty values
Command: "/workspaces/MerkleKV/clients/cpp/build/tests/merklekv-tests" "Empty values"
Directory: /workspaces/MerkleKV/clients/cpp/build/tests
"Empty values" start time: Sep 04 07:18 UTC
Output:
----------------------------------------------------------
Filters: "Empty values"
Randomness seeded to: 2959794203
===============================================================================
All tests passed (2 assertions in 1 test case)

<end of output>
Test time =   0.00 sec
----------------------------------------------------------
Test Passed.
"Empty values" end time: Sep 04 07:18 UTC
"Empty values" time elapsed: 00:00:00
----------------------------------------------------------

8/13 Testing: Unicode support
8/13 Test: Unicode support
Command: "/workspaces/MerkleKV/clients/cpp/build/tests/merklekv-tests" "Unicode support"
Directory: /workspaces/MerkleKV/clients/cpp/build/tests
"Unicode support" start time: Sep 04 07:18 UTC
Output:
----------------------------------------------------------
Filters: "Unicode support"
Randomness seeded to: 1940660420
===============================================================================
All tests passed (2 assertions in 1 test case)

<end of output>
Test time =   0.01 sec
----------------------------------------------------------
Test Passed.
"Unicode support" end time: Sep 04 07:18 UTC
"Unicode support" time elapsed: 00:00:00
----------------------------------------------------------

9/13 Testing: Values with spaces
9/13 Test: Values with spaces
Command: "/workspaces/MerkleKV/clients/cpp/build/tests/merklekv-tests" "Values with spaces"
Directory: /workspaces/MerkleKV/clients/cpp/build/tests
"Values with spaces" start time: Sep 04 07:18 UTC
Output:
----------------------------------------------------------
Filters: "Values with spaces"
Randomness seeded to: 3491908706
===============================================================================
All tests passed (2 assertions in 1 test case)

<end of output>
Test time =   0.01 sec
----------------------------------------------------------
Test Passed.
"Values with spaces" end time: Sep 04 07:18 UTC
"Values with spaces" time elapsed: 00:00:00
----------------------------------------------------------

10/13 Testing: Large values
10/13 Test: Large values
Command: "/workspaces/MerkleKV/clients/cpp/build/tests/merklekv-tests" "Large values"
Directory: /workspaces/MerkleKV/clients/cpp/build/tests
"Large values" start time: Sep 04 07:18 UTC
Output:
----------------------------------------------------------
Filters: "Large values"
Randomness seeded to: 2433617457
===============================================================================
All tests passed (2 assertions in 1 test case)

<end of output>
Test time =   0.01 sec
----------------------------------------------------------
Test Passed.
"Large values" end time: Sep 04 07:18 UTC
"Large values" time elapsed: 00:00:00
----------------------------------------------------------

11/13 Testing: Connection persistence
11/13 Test: Connection persistence
Command: "/workspaces/MerkleKV/clients/cpp/build/tests/merklekv-tests" "Connection persistence"
Directory: /workspaces/MerkleKV/clients/cpp/build/tests
"Connection persistence" start time: Sep 04 07:18 UTC
Output:
----------------------------------------------------------
Filters: "Connection persistence"
Randomness seeded to: 67527340
===============================================================================
All tests passed (30 assertions in 1 test case)

<end of output>
Test time =   0.01 sec
----------------------------------------------------------
Test Passed.
"Connection persistence" end time: Sep 04 07:18 UTC
"Connection persistence" time elapsed: 00:00:00
----------------------------------------------------------

12/13 Testing: Performance test
12/13 Test: Performance test
Command: "/workspaces/MerkleKV/clients/cpp/build/tests/merklekv-tests" "Performance test"
Directory: /workspaces/MerkleKV/clients/cpp/build/tests
"Performance test" start time: Sep 04 07:18 UTC
Output:
----------------------------------------------------------
Filters: "Performance test"
Randomness seeded to: 3268585585
===============================================================================
All tests passed (201 assertions in 1 test case)

<end of output>
Test time =   0.02 sec
----------------------------------------------------------
Test Passed.
"Performance test" end time: Sep 04 07:18 UTC
"Performance test" time elapsed: 00:00:00
----------------------------------------------------------

13/13 Testing: Move semantics with real connection
13/13 Test: Move semantics with real connection
Command: "/workspaces/MerkleKV/clients/cpp/build/tests/merklekv-tests" "Move semantics with real connection"
Directory: /workspaces/MerkleKV/clients/cpp/build/tests
"Move semantics with real connection" start time: Sep 04 07:18 UTC
Output:
----------------------------------------------------------
Filters: "Move semantics with real connection"
Randomness seeded to: 261192900
===============================================================================
All tests passed (2 assertions in 1 test case)

<end of output>
Test time =   0.00 sec
----------------------------------------------------------
Test Passed.
"Move semantics with real connection" end time: Sep 04 07:18 UTC
"Move semantics with real connection" time elapsed: 00:00:00
----------------------------------------------------------

End testing: Sep 04 07:18 UTC
